[debug] [2024-12-05T00:05:33.206Z] ----------------------------------------------------------------------
[debug] [2024-12-05T00:05:33.207Z] Command:       /Users/sheltonmacamo/.nvm/versions/node/v18.20.4/bin/node /Users/sheltonmacamo/.nvm/versions/node/v18.20.4/bin/firebase init hosting
[debug] [2024-12-05T00:05:33.207Z] CLI Version:   13.27.0
[debug] [2024-12-05T00:05:33.207Z] Platform:      darwin
[debug] [2024-12-05T00:05:33.207Z] Node Version:  v18.20.4
[debug] [2024-12-05T00:05:33.214Z] Time:          Wed Dec 04 2024 17:05:33 GMT-0700 (Mountain Standard Time)
[debug] [2024-12-05T00:05:33.214Z] ----------------------------------------------------------------------
[debug] 
[debug] [2024-12-05T00:05:33.217Z] > command requires scopes: ["email","openid","https://www.googleapis.com/auth/cloudplatformprojects.readonly","https://www.googleapis.com/auth/firebase","https://www.googleapis.com/auth/cloud-platform"]
[debug] [2024-12-05T00:05:33.217Z] > authorizing via signed-in user (shelton.mac2000@gmail.com)
[info] 
     ######## #### ########  ######## ########     ###     ######  ########
     ##        ##  ##     ## ##       ##     ##  ##   ##  ##       ##
     ######    ##  ########  ######   ########  #########  ######  ######
     ##        ##  ##    ##  ##       ##     ## ##     ##       ## ##
     ##       #### ##     ## ######## ########  ##     ##  ######  ########

You're about to initialize a Firebase project in this directory:

  /Users/sheltonmacamo/Desktop/Computer Science/Spring Semester 2024/Programming data Structures/Week04/Dynamic-Web-Fundamentals/business-site

[info] 
=== Project Setup
[info] 
[info] First, let's associate this project directory with a Firebase project.
[info] You can create multiple project aliases by running firebase use --add, 
[info] but for now we'll just set up a default project.
[info] 
[debug] [2024-12-05T00:05:40.786Z] Checked if tokens are valid: false, expires at: 1733333750637
[debug] [2024-12-05T00:05:40.787Z] Checked if tokens are valid: false, expires at: 1733333750637
[debug] [2024-12-05T00:05:40.788Z] > refreshing access token with scopes: []
[debug] [2024-12-05T00:05:40.791Z] >>> [apiv2][query] POST https://www.googleapis.com/oauth2/v3/token [none]
[debug] [2024-12-05T00:05:40.791Z] >>> [apiv2][body] POST https://www.googleapis.com/oauth2/v3/token [omitted]
[debug] [2024-12-05T00:05:40.987Z] <<< [apiv2][status] POST https://www.googleapis.com/oauth2/v3/token 200
[debug] [2024-12-05T00:05:40.987Z] <<< [apiv2][body] POST https://www.googleapis.com/oauth2/v3/token [omitted]
[debug] [2024-12-05T00:05:40.997Z] >>> [apiv2][query] GET https://firebase.googleapis.com/v1beta1/projects pageSize=100
[debug] [2024-12-05T00:05:41.363Z] <<< [apiv2][status] GET https://firebase.googleapis.com/v1beta1/projects 200
[debug] [2024-12-05T00:05:41.363Z] <<< [apiv2][body] GET https://firebase.googleapis.com/v1beta1/projects [omitted]
